Using pre-set license
Built from '2020.3/staging' branch; Version is '2020.3.14f1 (d0d1bb862f9d) revision 13685179'; Using compiler version '192528614'; Build Type 'Release'
OS: 'Windows 10 Home; OS build 19044.1466; Version 2009; 64bit' Language: 'es' Physical Memory: 3918 MB
BatchMode: 1, IsHumanControllingUs: 0, StartBugReporterOnCrash: 0, Is64bit: 1, IsPro: 0

 COMMAND LINE ARGUMENTS:
E:\Program Files\Unity\2020.3.14f1\Editor\Unity.exe
-adb2
-batchMode
-noUpm
-name
AssetImportWorker0
-projectPath
E:/Proyectos Unity/Create with Code/GitHub/Data-Persistence-Project
-logFile
Logs/AssetImportWorker0.log
-srvPort
62397
Successfully changed project path to: E:/Proyectos Unity/Create with Code/GitHub/Data-Persistence-Project
E:/Proyectos Unity/Create with Code/GitHub/Data-Persistence-Project
Using Asset Import Pipeline V2.
Refreshing native plugins compatible for Editor in 88.08 ms, found 2 plugins.
Preloading 0 native plugins for Editor in 0.00 ms.
Initialize engine version: 2020.3.14f1 (d0d1bb862f9d)
[Subsystems] Discovering subsystems at path E:/Program Files/Unity/2020.3.14f1/Editor/Data/Resources/UnitySubsystems
[Subsystems] Discovering subsystems at path E:/Proyectos Unity/Create with Code/GitHub/Data-Persistence-Project/Assets
GfxDevice: creating device client; threaded=0
Direct3D:
    Version:  Direct3D 11.0 [level 10.0]
    Renderer: Intel(R) HD Graphics (ID=0x42)
    Vendor:   
    VRAM:     128 MB
    Driver:   8.15.10.2900
Shader 'Universal Render Pipeline/Particles/Lit': fallback shader 'Universal Render Pipeline/Particles/SimpleLit' not found
Initialize mono
Mono path[0] = 'E:/Program Files/Unity/2020.3.14f1/Editor/Data/Managed'
Mono path[1] = 'E:/Program Files/Unity/2020.3.14f1/Editor/Data/MonoBleedingEdge/lib/mono/unityjit'
Mono config path = 'E:/Program Files/Unity/2020.3.14f1/Editor/Data/MonoBleedingEdge/etc'
Using monoOptions --debugger-agent=transport=dt_socket,embedding=1,server=y,suspend=n,address=127.0.0.1:56320
Begin MonoManager ReloadAssembly
